emulator: autoconfig: -skin pixel_silver
emulator: autoconfig: -skindir /Users/anjabender/Library/Android/sdk/skins/
emulator: autoconfig: -kernel /Users/anjabender/Library/Android/sdk/system-images/android-29/google_apis_playstore/x86//kernel-ranchu-64
emulator: Target arch = 'x86'
emulator: Auto-config: -qemu -cpu qemu32
emulator: Auto-detect: Kernel image requires new device naming scheme.
emulator: Auto-detect: Kernel does not support YAFFS2 partitions.
emulator: autoconfig: -ramdisk /Users/anjabender/Library/Android/sdk/system-images/android-29/google_apis_playstore/x86//ramdisk.img
emulator: Using initial system image: /Users/anjabender/Library/Android/sdk/system-images/android-29/google_apis_playstore/x86//system.img
emulator: Using initial vendor image: /Users/anjabender/Library/Android/sdk/system-images/android-29/google_apis_playstore/x86//vendor.img
emulator: autoconfig: -data /Users/anjabender/.android/avd/Pixel_API_29.avd/userdata-qemu.img
emulator: autoconfig: -initdata /Users/anjabender/.android/avd/Pixel_API_29.avd/userdata.img
emulator: autoconfig: -cache /Users/anjabender/.android/avd/Pixel_API_29.avd/cache.img
emulator: autoconfig: -sdcard /Users/anjabender/.android/avd/Pixel_API_29.avd/sdcard.img
emulator: Increasing RAM size to 2048MB
emulator: VM heap size 228MB is below hardware specified minimum of 512MB,setting it to that value
emulator: System image is read only
emulator: Found 2 DNS servers: 10.10.70.14 10.10.70.25
emulator: trying to load skin file '/Users/anjabender/Library/Android/sdk/skins//pixel_silver/layout'
emulator: registered 'boot-properties' qemud service
emulator: Adding boot property: 'qemu.cmdline' = 'androidboot.logcat=v:* androidboot.consolepipe=qemu_pipe,pipe:logcat'
emulator: Adding boot property: 'qemu.logcat' = 'start'
emulator: Requested console port 13022: Inferring adb port 13023.
emulator: CPU Acceleration: working
emulator: CPU Acceleration status: HAXM version 7.5.1 (4) is installed and usable.
emulator: WARNING: Running on a sytem with less than 8 logical cores. Setting number of virtual cores to 1
emulator: VERBOSE: AdbInterface.cpp:364: Found: 3 adb executables
emulator: VERBOSE: AdbInterface.cpp:366: Adb: /Users/anjabender/Library/Android/sdk/platform-tools/adb
emulator: VERBOSE: AdbInterface.cpp:366: Adb: /Users/anjabender/Library/Android/sdk/platform-tools/adb
emulator: VERBOSE: AdbInterface.cpp:366: Adb: /Users/anjabender/Library/Android/sdk/platform-tools/adb
emulator: VERBOSE: AdbInterface.cpp:387: Path:/Users/anjabender/Library/Android/sdk/platform-tools/adb protocol version: 41
emulator: VERBOSE: AdbInterface.cpp:387: Path:/Users/anjabender/Library/Android/sdk/platform-tools/adb protocol version: 41
emulator: VERBOSE: AdbInterface.cpp:387: Path:/Users/anjabender/Library/Android/sdk/platform-tools/adb protocol version: 41
emulator: GPU emulation enabled using 'host' mode
emulator: Initializing hardware OpenGLES emulation support
emulator: VERBOSE: emulator-qt-window.cpp:2826: setUIMultiDisplay id 0 0 0 1080 1920 add
emulator: Found 2 DNS servers: 10.10.70.14 10.10.70.25
Content of hardware configuration file:
  hw.cpu.arch = x86
  hw.cpu.model = qemu32
  hw.cpu.ncore = 1
  hw.ramSize = 2048
  hw.screen = multi-touch
  hw.mainKeys = false
  hw.trackBall = false
  hw.keyboard = true
  hw.keyboard.lid = false
  hw.keyboard.charmap = qwerty2
  hw.dPad = false
  hw.rotaryInput = false
  hw.gsmModem = true
  hw.gps = true
  hw.battery = true
  hw.accelerometer = true
  hw.gyroscope = true
  hw.audioInput = true
  hw.audioOutput = true
  hw.sdCard = true
  hw.sdCard.path = /Users/anjabender/.android/avd/Pixel_API_29.avd/sdcard.img
  disk.cachePartition = true
  disk.cachePartition.path = /Users/anjabender/.android/avd/Pixel_API_29.avd/cache.img
  disk.cachePartition.size = 66m
  test.quitAfterBootTimeOut = -1
  test.delayAdbTillBootComplete = 0
  test.monitorAdb = 0
  hw.lcd.width = 1080
  hw.lcd.height = 1920
  hw.lcd.depth = 16
  hw.lcd.density = 420
  hw.lcd.backlight = true
  hw.lcd.vsync = 60
  hw.gltransport = pipe
  hw.gltransport.asg.writeBufferSize = 1048576
  hw.gltransport.asg.writeStepSize = 4096
  hw.gltransport.asg.dataRingSize = 32768
  hw.gltransport.drawFlushInterval = 800
  hw.displayRegion.0.1.xOffset = -1
  hw.displayRegion.0.1.yOffset = -1
  hw.displayRegion.0.1.width = 0
  hw.displayRegion.0.1.height = 0
  hw.fold.adjust = false
  hw.display1.width = 0
  hw.display1.height = 0
  hw.display1.density = 0
  hw.display1.xOffset = -1
  hw.display1.yOffset = -1
  hw.display1.flag = 0
  hw.display2.width = 0
  hw.display2.height = 0
  hw.display2.density = 0
  hw.display2.xOffset = -1
  hw.display2.yOffset = -1
  hw.display2.flag = 0
  hw.display3.width = 0
  hw.display3.height = 0
  hw.display3.density = 0
  hw.display3.xOffset = -1
  hw.display3.yOffset = -1
  hw.display3.flag = 0
  hw.gpu.enabled = true
  hw.gpu.mode = host
  hw.initialOrientation = Portrait
  hw.camera.back = virtualscene
  hw.camera.front = emulated
  vm.heapSize = 512
  hw.sensors.light = true
  hw.sensors.pressure = true
  hw.sensors.humidity = true
  hw.sensors.proximity = true
  hw.sensors.magnetic_field = true
  hw.sensors.magnetic_field_uncalibrated = true
  hw.sensors.gyroscope_uncalibrated = true
  hw.sensors.orientation = true
  hw.sensors.temperature = true
  hw.useext4 = true
  hw.arc = false
  hw.arc.autologin = false
  kernel.path = /Users/anjabender/Library/Android/sdk/system-images/android-29/google_apis_playstore/x86//kernel-ranchu-64
  kernel.newDeviceNaming = yes
  kernel.supportsYaffs2 = no
  disk.ramdisk.path = /Users/anjabender/Library/Android/sdk/system-images/android-29/google_apis_playstore/x86//ramdisk.img
  disk.systemPartition.initPath = /Users/anjabender/Library/Android/sdk/system-images/android-29/google_apis_playstore/x86//system.img
  disk.systemPartition.size = 2284m
  disk.vendorPartition.initPath = /Users/anjabender/Library/Android/sdk/system-images/android-29/google_apis_playstore/x86//vendor.img
  disk.vendorPartition.size = 800m
  disk.dataPartition.path = /Users/anjabender/.android/avd/Pixel_API_29.avd/userdata-qemu.img
  disk.dataPartition.size = 6g
  disk.encryptionKeyPartition.path = /Users/anjabender/.android/avd/Pixel_API_29.avd/encryptionkey.img
  PlayStore.enabled = true
  avd.name = Pixel_API_29
  avd.id = Pixel_API_29
  fastboot.forceColdBoot = false
  android.sdk.root = /Users/anjabender/Library/Android/sdk
  android.avd.home = /Users/anjabender/.android/avd
.
QEMU options list:
emulator: argv[00] = "/Users/anjabender/Library/Android/sdk/emulator/qemu/darwin-x86_64/qemu-system-x86_64"
emulator: argv[01] = "-dns-server"
emulator: argv[02] = "10.10.70.14,10.10.70.25"
emulator: argv[03] = "-no-audio"
emulator: argv[04] = "-serial"
emulator: argv[05] = "null"
emulator: argv[06] = "-android-ports"
emulator: argv[07] = "13022,13023"
emulator: argv[08] = "-device"
emulator: argv[09] = "goldfish_pstore,addr=0xff018000,size=0x10000,file=/Users/anjabender/.android/avd/Pixel_API_29.avd/data/misc/pstore/pstore.bin"
emulator: argv[10] = "-cpu"
emulator: argv[11] = "android64"
emulator: argv[12] = "-enable-hvf"
emulator: argv[13] = "-smp"
emulator: argv[14] = "cores=2"
emulator: argv[15] = "-m"
emulator: argv[16] = "2048"
emulator: argv[17] = "-lcd-density"
emulator: argv[18] = "420"
emulator: argv[19] = "-nodefaults"
emulator: argv[20] = "-kernel"
emulator: argv[21] = "/Users/anjabender/Library/Android/sdk/system-images/android-29/google_apis_playstore/x86//kernel-ranchu-64"
emulator: argv[22] = "-initrd"
emulator: argv[23] = "/Users/anjabender/Library/Android/sdk/system-images/android-29/google_apis_playstore/x86//ramdisk.img"
emulator: argv[24] = "-drive"
emulator: argv[25] = "if=none,index=0,id=system,file=/Users/anjabender/Library/Android/sdk/system-images/android-29/google_apis_playstore/x86//system.img,read-only"
emulator: argv[26] = "-device"
emulator: argv[27] = "virtio-blk-pci,drive=system,modern-pio-notify"
emulator: argv[28] = "-drive"
emulator: argv[29] = "if=none,index=1,id=cache,file=/Users/anjabender/.android/avd/Pixel_API_29.avd/cache.img.qcow2,overlap-check=none,cache=unsafe,l2-cache-size=1048576"
emulator: argv[30] = "-device"
emulator: argv[31] = "virtio-blk-pci,drive=cache,modern-pio-notify"
emulator: argv[32] = "-drive"
emulator: argv[33] = "if=none,index=2,id=userdata,file=/Users/anjabender/.android/avd/Pixel_API_29.avd/userdata-qemu.img.qcow2,overlap-check=none,cache=unsafe,l2-cache-size=1048576"
emulator: argv[34] = "-device"
emulator: argv[35] = "virtio-blk-pci,drive=userdata,modern-pio-notify"
emulator: argv[36] = "-drive"
emulator: argv[37] = "if=none,index=3,id=encrypt,file=/Users/anjabender/.android/avd/Pixel_API_29.avd/encryptionkey.img.qcow2,overlap-check=none,cache=unsafe,l2-cache-size=1048576"
emulator: argv[38] = "-device"
emulator: argv[39] = "virtio-blk-pci,drive=encrypt,modern-pio-notify"
emulator: argv[40] = "-drive"
emulator: argv[41] = "if=none,index=4,id=vendor,file=/Users/anjabender/Library/Android/sdk/system-images/android-29/google_apis_playstore/x86//vendor.img,read-only"
emulator: argv[42] = "-device"
emulator: argv[43] = "virtio-blk-pci,drive=vendor,modern-pio-notify"
emulator: argv[44] = "-drive"
emulator: argv[45] = "if=none,index=5,id=sdcard,file=/Users/anjabender/.android/avd/Pixel_API_29.avd/sdcard.img.qcow2,overlap-check=none,cache=unsafe,l2-cache-size=1048576"
emulator: argv[46] = "-device"
emulator: argv[47] = "virtio-blk-pci,drive=sdcard,modern-pio-notify"
emulator: argv[48] = "-netdev"
emulator: argv[49] = "user,id=mynet"
emulator: argv[50] = "-device"
emulator: argv[51] = "virtio-net-pci,netdev=mynet"
emulator: argv[52] = "-device"
emulator: argv[53] = "virtio-rng-pci"
emulator: argv[54] = "-show-cursor"
emulator: argv[55] = "-device"
emulator: argv[56] = "virtio_input_multi_touch_pci_1"
emulator: argv[57] = "-device"
emulator: argv[58] = "virtio_input_multi_touch_pci_2"
emulator: argv[59] = "-device"
emulator: argv[60] = "virtio_input_multi_touch_pci_3"
emulator: argv[61] = "-device"
emulator: argv[62] = "virtio_input_multi_touch_pci_4"
emulator: argv[63] = "-device"
emulator: argv[64] = "virtio_input_multi_touch_pci_5"
emulator: argv[65] = "-device"
emulator: argv[66] = "virtio_input_multi_touch_pci_6"
emulator: argv[67] = "-device"
emulator: argv[68] = "virtio_input_multi_touch_pci_7"
emulator: argv[69] = "-device"
emulator: argv[70] = "virtio_input_multi_touch_pci_8"
emulator: argv[71] = "-device"
emulator: argv[72] = "virtio_input_multi_touch_pci_9"
emulator: argv[73] = "-device"
emulator: argv[74] = "virtio_input_multi_touch_pci_10"
emulator: argv[75] = "-device"
emulator: argv[76] = "virtio_input_multi_touch_pci_11"
emulator: argv[77] = "-device"
emulator: argv[78] = "virtio-keyboard-pci"
emulator: argv[79] = "-L"
emulator: argv[80] = "/Users/anjabender/Library/Android/sdk/emulator/lib/pc-bios"
emulator: argv[81] = "-soundhw"
emulator: argv[82] = "hda"
emulator: argv[83] = "-vga"
emulator: argv[84] = "none"
emulator: argv[85] = "-append"
emulator: argv[86] = "qemu=1 no_timer_check androidboot.hardware=ranchu androidboot.serialno=EMULATOR30X0X0X0 clocksource=pit no-kvmclock android.qemud=1 console=0 android.checkjni=1 android.bootanim=0 qemu.gles=1 qemu.settings.system.screen_off_timeout=2147483647 qemu.encrypt=1 qemu.vsync=60 qemu.gltransport=pipe qemu.gltransport.drawFlushInterval=800 qemu.opengles.version=196608 qemu.uirenderer=skiagl cma=288M@0-4G ndns=2 qemu.wifi=1 mac80211_hwsim.channels=2 loop.max_part=7 androidboot.vbmeta.size=4352 androidboot.vbmeta.hash_alg=sha256 androidboot.vbmeta.digest=aa5d679b2cc74ad1175fc8cda0edca57483440d4fcd5c4d3dca7e6376efb7171 androidboot.boot_devices=pci0000:00/0000:00:03.0 ramoops.mem_address=0xff018000 ramoops.mem_size=0x10000 memmap=0x10000$0xff018000 qemu.dalvik.vm.heapsize=512m"
emulator: argv[87] = "-android-hw"
emulator: argv[88] = "/Users/anjabender/.android/avd/Pixel_API_29.avd/hardware-qemu.ini"
Concatenated QEMU options:
 /Users/anjabender/Library/Android/sdk/emulator/qemu/darwin-x86_64/qemu-system-x86_64 -dns-server 10.10.70.14,10.10.70.25 -no-audio -serial null -android-ports 13022,13023 -device goldfish_pstore,addr=0xff018000,size=0x10000,file=/Users/anjabender/.android/avd/Pixel_API_29.avd/data/misc/pstore/pstore.bin -cpu android64 -enable-hvf -smp cores=2 -m 2048 -lcd-density 420 -nodefaults -kernel /Users/anjabender/Library/Android/sdk/system-images/android-29/google_apis_playstore/x86//kernel-ranchu-64 -initrd /Users/anjabender/Library/Android/sdk/system-images/android-29/google_apis_playstore/x86//ramdisk.img -drive if=none,index=0,id=system,file=/Users/anjabender/Library/Android/sdk/system-images/android-29/google_apis_playstore/x86//system.img,read-only -device virtio-blk-pci,drive=system,modern-pio-notify -drive if=none,index=1,id=cache,file=/Users/anjabender/.android/avd/Pixel_API_29.avd/cache.img.qcow2,overlap-check=none,cache=unsafe,l2-cache-size=1048576 -device virtio-blk-pci,drive=cache,modern-pio-notify -drive if=none,index=2,id=userdata,file=/Users/anjabender/.android/avd/Pixel_API_29.avd/userdata-qemu.img.qcow2,overlap-check=none,cache=unsafe,l2-cache-size=1048576 -device virtio-blk-pci,drive=userdata,modern-pio-notify -drive if=none,index=3,id=encrypt,file=/Users/anjabender/.android/avd/Pixel_API_29.avd/encryptionkey.img.qcow2,overlap-check=none,cache=unsafe,l2-cache-size=1048576 -device virtio-blk-pci,drive=encrypt,modern-pio-notify -drive if=none,index=4,id=vendor,file=/Users/anjabender/Library/Android/sdk/system-images/android-29/google_apis_playstore/x86//vendor.img,read-only -device virtio-blk-pci,drive=vendor,modern-pio-notify -drive if=none,index=5,id=sdcard,file=/Users/anjabender/.android/avd/Pixel_API_29.avd/sdcard.img.qcow2,overlap-check=none,cache=unsafe,l2-cache-size=1048576 -device virtio-blk-pci,drive=sdcard,modern-pio-notify -netdev user,id=mynet -device virtio-net-pci,netdev=mynet -device virtio-rng-pci -show-cursor -device virtio_input_multi_touch_pci_1 -device virtio_input_multi_touch_pci_2 -device virtio_input_multi_touch_pci_3 -device virtio_input_multi_touch_pci_4 -device virtio_input_multi_touch_pci_5 -device virtio_input_multi_touch_pci_6 -device virtio_input_multi_touch_pci_7 -device virtio_input_multi_touch_pci_8 -device virtio_input_multi_touch_pci_9 -device virtio_input_multi_touch_pci_10 -device virtio_input_multi_touch_pci_11 -device virtio-keyboard-pci -L /Users/anjabender/Library/Android/sdk/emulator/lib/pc-bios -soundhw hda -vga none -append 'qemu=1 no_timer_check androidboot.hardware=ranchu androidboot.serialno=EMULATOR30X0X0X0 clocksource=pit no-kvmclock android.qemud=1 console=0 android.checkjni=1 android.bootanim=0 qemu.gles=1 qemu.settings.system.screen_off_timeout=2147483647 qemu.encrypt=1 qemu.vsync=60 qemu.gltransport=pipe qemu.gltransport.drawFlushInterval=800 qemu.opengles.version=196608 qemu.uirenderer=skiagl cma=288M@0-4G ndns=2 qemu.wifi=1 mac80211_hwsim.channels=2 loop.max_part=7 androidboot.vbmeta.size=4352 androidboot.vbmeta.hash_alg=sha256 androidboot.vbmeta.digest=aa5d679b2cc74ad1175fc8cda0edca57483440d4fcd5c4d3dca7e6376efb7171 androidboot.boot_devices=pci0000:00/0000:00:03.0 ramoops.mem_address=0xff018000 ramoops.mem_size=0x10000 memmap=0x10000$0xff018000 qemu.dalvik.vm.heapsize=512m' -android-hw /Users/anjabender/.android/avd/Pixel_API_29.avd/hardware-qemu.ini
emulator: Android qemu version 30.0.0.0 (build_id 6203977) (CL:N/A)

emulator: Starting QEMU main loop
emulator: Adding boot property: 'ro.opengles.version' = '196608'
emulator: Adding boot property: 'qemu.sf.fake_camera' = 'front'
emulator: Adding boot property: 'qemu.adb.secure' = '1'
emulator: Adding boot property: 'dalvik.vm.heapsize' = '512m'
emulator: Adding boot property: 'qemu.hw.mainkeys' = '0'
emulator: Adding boot property: 'qemu.sf.lcd_density' = '420'
emulator: goldfish_events.have-dpad: false
emulator: goldfish_events.have-trackball: false
emulator: goldfish_events.have-camera: true
emulator: goldfish_events.have-keyboard: false
emulator: goldfish_events.have-lidswitch: false
emulator: goldfish_events.have-tabletmode: false
emulator: goldfish_events.have-touch: false
emulator: goldfish_events.have-multitouch: false
emulator: WARNING: Requested adb port (13023) is outside the recommended range [5555,5586]. ADB may not function properly for the emulator. See -help-port for details.
Not using any http proxy
emulator: Adding boot property: 'qemu.timezone' = 'Europe/Berlin'
emulator: android_hw_fingerprint_init: fingerprint qemud listen service initialized

emulator: emulator_window_fb_rotate

emulator: No acpi ini file provided, using default

emulator: VERBOSE: winsys-qt.cpp:919: config multidisplay with config.ini 0x0 0x0 0x0
emulator: Adding boot property: 'qemu.cmdline' = 'androidboot.logcat=v:* androidboot.consolepipe=qemu_pipe,pipe:logcat'
emulator: Adding boot property: 'qemu.logcat' = 'start'
emulator: Adding boot property: 'ro.opengles.version' = '196608'
emulator: Adding boot property: 'qemu.sf.fake_camera' = 'front'
emulator: Adding boot property: 'qemu.adb.secure' = '1'
emulator: Adding boot property: 'dalvik.vm.heapsize' = '512m'
emulator: Adding boot property: 'qemu.hw.mainkeys' = '0'
emulator: Adding boot property: 'qemu.sf.lcd_density' = '420'
emulator: Adding boot property: 'qemu.timezone' = 'Europe/Berlin'
emulator: _hwFingerprint_connect: connect finger print listen is called

emulator: onGuestSendCommand: [0x7f9f9d72af00] Adb connected, start proxing data
emulator: Saving state on exit with session uptime 20995 ms
emulator: VERBOSE: System.cpp:1486: Timed out with running command |/Users/anjabender/Library/Android/sdk/platform-tools/adb -s emulator-13022 shell getprop sys.boot_completed |
emulator: Done with QEMU main loop
emulator: User-config was not changed.
emulator: VERBOSE: AdbConnection.cpp:471: Adb transition disconnected -> disconnected
